{"/Users/austin/Developer/code/link-tracking-system/src/app.ts": {"path":"/Users/austin/Developer/code/link-tracking-system/src/app.ts","statementMap":{"0":{"start":{"line":1,"column":0},"end":{"line":1,"column":30}},"1":{"start":{"line":2,"column":0},"end":{"line":2,"column":45}},"2":{"start":{"line":3,"column":0},"end":{"line":3,"column":73}},"3":{"start":{"line":4,"column":0},"end":{"line":4,"column":60}},"4":{"start":{"line":5,"column":0},"end":{"line":5,"column":69}},"5":{"start":{"line":6,"column":0},"end":{"line":6,"column":64}},"6":{"start":{"line":8,"column":12},"end":{"line":8,"column":21}},"7":{"start":{"line":28,"column":9},"end":{"line":28,"column":12}},"8":{"start":{"line":9,"column":16},"end":{"line":9,"column":32}},"9":{"start":{"line":10,"column":22},"end":{"line":10,"column":55}},"10":{"start":{"line":13,"column":0},"end":{"line":13,"column":24}},"11":{"start":{"line":16,"column":0},"end":{"line":16,"column":39}},"12":{"start":{"line":17,"column":0},"end":{"line":17,"column":42}},"13":{"start":{"line":18,"column":0},"end":{"line":18,"column":56}},"14":{"start":{"line":21,"column":0},"end":{"line":21,"column":25}},"15":{"start":{"line":23,"column":13},"end":{"line":23,"column":37}},"16":{"start":{"line":24,"column":0},"end":{"line":26,"column":3}},"17":{"start":{"line":25,"column":4},"end":{"line":25,"column":50}}},"fnMap":{"0":{"name":"(anonymous_1)","decl":{"start":{"line":24,"column":17},"end":{"line":24,"column":20}},"loc":{"start":{"line":24,"column":22},"end":{"line":26,"column":1}}}},"branchMap":{"0":{"loc":{"start":{"line":23,"column":13},"end":{"line":23,"column":37}},"type":"binary-expr","locations":[{"start":{"line":23,"column":13},"end":{"line":23,"column":29}},{"start":{"line":23,"column":33},"end":{"line":23,"column":37}}]}},"s":{"0":0,"1":0,"2":0,"3":0,"4":0,"5":0,"6":0,"7":0,"8":0,"9":0,"10":0,"11":0,"12":0,"13":0,"14":0,"15":0,"16":0,"17":0},"f":{"0":0},"b":{"0":[0,0]}}
,"/Users/austin/Developer/code/link-tracking-system/src/config/constants.ts": {"path":"/Users/austin/Developer/code/link-tracking-system/src/config/constants.ts","statementMap":{"0":{"start":{"line":1,"column":13},"end":{"line":1,"column":52}},"1":{"start":{"line":2,"column":13},"end":{"line":2,"column":72}},"2":{"start":{"line":3,"column":13},"end":{"line":3,"column":41}}},"fnMap":{},"branchMap":{"0":{"loc":{"start":{"line":1,"column":27},"end":{"line":1,"column":51}},"type":"binary-expr","locations":[{"start":{"line":1,"column":27},"end":{"line":1,"column":43}},{"start":{"line":1,"column":47},"end":{"line":1,"column":51}}]},"1":{"loc":{"start":{"line":2,"column":24},"end":{"line":2,"column":71}},"type":"binary-expr","locations":[{"start":{"line":2,"column":24},"end":{"line":2,"column":44}},{"start":{"line":2,"column":48},"end":{"line":2,"column":71}}]}},"s":{"0":0,"1":0,"2":0},"f":{},"b":{"0":[0,0],"1":[0,0]}}
,"/Users/austin/Developer/code/link-tracking-system/src/services/analytics.service.ts": {"path":"/Users/austin/Developer/code/link-tracking-system/src/services/analytics.service.ts","statementMap":{"0":{"start":{"line":2,"column":0},"end":{"line":2,"column":46}},"1":{"start":{"line":5,"column":24},"end":{"line":5,"column":43}},"2":{"start":{"line":17,"column":22},"end":{"line":17,"column":49}},"3":{"start":{"line":20,"column":8},"end":{"line":22,"column":9}},"4":{"start":{"line":21,"column":12},"end":{"line":21,"column":83}},"5":{"start":{"line":21,"column":46},"end":{"line":21,"column":81}},"6":{"start":{"line":24,"column":8},"end":{"line":28,"column":9}},"7":{"start":{"line":25,"column":12},"end":{"line":27,"column":14}},"8":{"start":{"line":26,"column":16},"end":{"line":26,"column":63}},"9":{"start":{"line":30,"column":8},"end":{"line":34,"column":9}},"10":{"start":{"line":31,"column":12},"end":{"line":33,"column":14}},"11":{"start":{"line":32,"column":16},"end":{"line":32,"column":61}},"12":{"start":{"line":36,"column":8},"end":{"line":39,"column":10}},"13":{"start":{"line":52,"column":24},"end":{"line":53,"column":57}},"14":{"start":{"line":53,"column":29},"end":{"line":53,"column":56}},"15":{"start":{"line":55,"column":8},"end":{"line":57,"column":9}},"16":{"start":{"line":56,"column":12},"end":{"line":56,"column":52}},"17":{"start":{"line":59,"column":49},"end":{"line":59,"column":51}},"18":{"start":{"line":62,"column":8},"end":{"line":72,"column":11}},"19":{"start":{"line":64,"column":28},"end":{"line":64,"column":62}},"20":{"start":{"line":65,"column":12},"end":{"line":65,"column":61}},"21":{"start":{"line":68,"column":30},"end":{"line":68,"column":55}},"22":{"start":{"line":69,"column":12},"end":{"line":71,"column":13}},"23":{"start":{"line":70,"column":16},"end":{"line":70,"column":40}},"24":{"start":{"line":74,"column":8},"end":{"line":78,"column":10}},"25":{"start":{"line":87,"column":8},"end":{"line":87,"column":41}},"26":{"start":{"line":87,"column":24},"end":{"line":87,"column":41}},"27":{"start":{"line":89,"column":24},"end":{"line":90,"column":null}},"28":{"start":{"line":93,"column":8},"end":{"line":93,"column":62}},"29":{"start":{"line":104,"column":24},"end":{"line":104,"column":51}},"30":{"start":{"line":105,"column":27},"end":{"line":105,"column":49}},"31":{"start":{"line":106,"column":23},"end":{"line":106,"column":84}},"32":{"start":{"line":109,"column":8},"end":{"line":114,"column":11}},"33":{"start":{"line":110,"column":12},"end":{"line":113,"column":15}},"34":{"start":{"line":117,"column":8},"end":{"line":125,"column":11}},"35":{"start":{"line":118,"column":29},"end":{"line":118,"column":43}},"36":{"start":{"line":119,"column":29},"end":{"line":119,"column":81}},"37":{"start":{"line":121,"column":12},"end":{"line":124,"column":15}},"38":{"start":{"line":127,"column":8},"end":{"line":131,"column":12}},"39":{"start":{"line":127,"column":71},"end":{"line":131,"column":10}},"40":{"start":{"line":4,"column":0},"end":{"line":4,"column":13}},"41":{"start":{"line":136,"column":13},"end":{"line":136,"column":71}}},"fnMap":{"0":{"name":"(anonymous_0)","decl":{"start":{"line":5,"column":4},"end":{"line":5,"column":24}},"loc":{"start":{"line":5,"column":43},"end":{"line":5,"column":48}}},"1":{"name":"(anonymous_1)","decl":{"start":{"line":12,"column":4},"end":{"line":12,"column":16}},"loc":{"start":{"line":16,"column":10},"end":{"line":40,"column":5}}},"2":{"name":"(anonymous_2)","decl":{"start":{"line":21,"column":37},"end":{"line":21,"column":42}},"loc":{"start":{"line":21,"column":46},"end":{"line":21,"column":81}}},"3":{"name":"(anonymous_3)","decl":{"start":{"line":25,"column":37},"end":{"line":25,"column":42}},"loc":{"start":{"line":26,"column":16},"end":{"line":26,"column":63}}},"4":{"name":"(anonymous_4)","decl":{"start":{"line":31,"column":37},"end":{"line":31,"column":42}},"loc":{"start":{"line":32,"column":16},"end":{"line":32,"column":61}}},"5":{"name":"(anonymous_5)","decl":{"start":{"line":47,"column":4},"end":{"line":47,"column":17}},"loc":{"start":{"line":47,"column":34},"end":{"line":79,"column":5}}},"6":{"name":"(anonymous_6)","decl":{"start":{"line":53,"column":20},"end":{"line":53,"column":25}},"loc":{"start":{"line":53,"column":29},"end":{"line":53,"column":56}}},"7":{"name":"(anonymous_7)","decl":{"start":{"line":62,"column":24},"end":{"line":62,"column":29}},"loc":{"start":{"line":62,"column":32},"end":{"line":72,"column":9}}},"8":{"name":"(anonymous_8)","decl":{"start":{"line":86,"column":12},"end":{"line":86,"column":24}},"loc":{"start":{"line":86,"column":43},"end":{"line":94,"column":5}}},"9":{"name":"(anonymous_9)","decl":{"start":{"line":99,"column":4},"end":{"line":99,"column":21}},"loc":{"start":{"line":99,"column":21},"end":{"line":132,"column":5}}},"10":{"name":"(anonymous_10)","decl":{"start":{"line":109,"column":27},"end":{"line":109,"column":35}},"loc":{"start":{"line":109,"column":38},"end":{"line":114,"column":9}}},"11":{"name":"(anonymous_11)","decl":{"start":{"line":117,"column":24},"end":{"line":117,"column":29}},"loc":{"start":{"line":117,"column":32},"end":{"line":125,"column":9}}},"12":{"name":"(anonymous_12)","decl":{"start":{"line":127,"column":48},"end":{"line":127,"column":49}},"loc":{"start":{"line":127,"column":71},"end":{"line":131,"column":10}}}},"branchMap":{"0":{"loc":{"start":{"line":12,"column":17},"end":{"line":16,"column":10}},"type":"default-arg","locations":[{"start":{"line":16,"column":8},"end":{"line":16,"column":10}}]},"1":{"loc":{"start":{"line":20,"column":8},"end":{"line":22,"column":9}},"type":"if","locations":[{"start":{"line":20,"column":8},"end":{"line":22,"column":9}}]},"2":{"loc":{"start":{"line":24,"column":8},"end":{"line":28,"column":9}},"type":"if","locations":[{"start":{"line":24,"column":8},"end":{"line":28,"column":9}}]},"3":{"loc":{"start":{"line":30,"column":8},"end":{"line":34,"column":9}},"type":"if","locations":[{"start":{"line":30,"column":8},"end":{"line":34,"column":9}}]},"4":{"loc":{"start":{"line":55,"column":8},"end":{"line":57,"column":9}},"type":"if","locations":[{"start":{"line":55,"column":8},"end":{"line":57,"column":9}}]},"5":{"loc":{"start":{"line":65,"column":33},"end":{"line":65,"column":55}},"type":"binary-expr","locations":[{"start":{"line":65,"column":33},"end":{"line":65,"column":50}},{"start":{"line":65,"column":54},"end":{"line":65,"column":55}}]},"6":{"loc":{"start":{"line":69,"column":12},"end":{"line":71,"column":13}},"type":"if","locations":[{"start":{"line":69,"column":12},"end":{"line":71,"column":13}}]},"7":{"loc":{"start":{"line":69,"column":16},"end":{"line":69,"column":55}},"type":"binary-expr","locations":[{"start":{"line":69,"column":16},"end":{"line":69,"column":28}},{"start":{"line":69,"column":32},"end":{"line":69,"column":55}}]},"8":{"loc":{"start":{"line":87,"column":8},"end":{"line":87,"column":41}},"type":"if","locations":[{"start":{"line":87,"column":8},"end":{"line":87,"column":41}}]},"9":{"loc":{"start":{"line":93,"column":15},"end":{"line":93,"column":61}},"type":"cond-expr","locations":[{"start":{"line":93,"column":25},"end":{"line":93,"column":49}},{"start":{"line":93,"column":52},"end":{"line":93,"column":61}}]},"10":{"loc":{"start":{"line":119,"column":29},"end":{"line":119,"column":81}},"type":"binary-expr","locations":[{"start":{"line":119,"column":29},"end":{"line":119,"column":49}},{"start":{"line":119,"column":53},"end":{"line":119,"column":81}}]}},"s":{"0":0,"1":0,"2":0,"3":0,"4":0,"5":0,"6":0,"7":0,"8":0,"9":0,"10":0,"11":0,"12":0,"13":0,"14":0,"15":0,"16":0,"17":0,"18":0,"19":0,"20":0,"21":0,"22":0,"23":0,"24":0,"25":0,"26":0,"27":0,"28":0,"29":0,"30":0,"31":0,"32":0,"33":0,"34":0,"35":0,"36":0,"37":0,"38":0,"39":0,"40":0,"41":0},"f":{"0":0,"1":0,"2":0,"3":0,"4":0,"5":0,"6":0,"7":0,"8":0,"9":0,"10":0,"11":0,"12":0},"b":{"0":[0],"1":[0],"2":[0],"3":[0],"4":[0],"5":[0,0],"6":[0],"7":[0,0],"8":[0],"9":[0,0],"10":[0,0]}}
,"/Users/austin/Developer/code/link-tracking-system/src/services/html-processor.service.ts": {"path":"/Users/austin/Developer/code/link-tracking-system/src/services/html-processor.service.ts","statementMap":{"0":{"start":{"line":1,"column":0},"end":{"line":1,"column":30}},"1":{"start":{"line":4,"column":0},"end":{"line":4,"column":28}},"2":{"start":{"line":7,"column":24},"end":{"line":7,"column":43}},"3":{"start":{"line":10,"column":20},"end":{"line":10,"column":35}},"4":{"start":{"line":11,"column":25},"end":{"line":11,"column":44}},"5":{"start":{"line":13,"column":8},"end":{"line":30,"column":11}},"6":{"start":{"line":14,"column":32},"end":{"line":14,"column":43}},"7":{"start":{"line":15,"column":12},"end":{"line":29,"column":13}},"8":{"start":{"line":17,"column":33},"end":{"line":17,"column":67}},"9":{"start":{"line":20,"column":16},"end":{"line":26,"column":17}},"10":{"start":{"line":21,"column":20},"end":{"line":25,"column":23}},"11":{"start":{"line":28,"column":16},"end":{"line":28,"column":66}},"12":{"start":{"line":32,"column":8},"end":{"line":32,"column":31}},"13":{"start":{"line":36,"column":8},"end":{"line":41,"column":9}},"14":{"start":{"line":37,"column":27},"end":{"line":37,"column":39}},"15":{"start":{"line":38,"column":12},"end":{"line":38,"column":79}},"16":{"start":{"line":40,"column":12},"end":{"line":40,"column":25}},"17":{"start":{"line":46,"column":8},"end":{"line":50,"column":29}},"18":{"start":{"line":6,"column":0},"end":{"line":6,"column":13}}},"fnMap":{"0":{"name":"(anonymous_1)","decl":{"start":{"line":7,"column":4},"end":{"line":7,"column":24}},"loc":{"start":{"line":7,"column":43},"end":{"line":7,"column":48}}},"1":{"name":"(anonymous_2)","decl":{"start":{"line":9,"column":11},"end":{"line":9,"column":22}},"loc":{"start":{"line":9,"column":35},"end":{"line":33,"column":5}}},"2":{"name":"(anonymous_3)","decl":{"start":{"line":13,"column":47},"end":{"line":13,"column":53}},"loc":{"start":{"line":13,"column":56},"end":{"line":30,"column":9}}},"3":{"name":"(anonymous_4)","decl":{"start":{"line":35,"column":12},"end":{"line":35,"column":22}},"loc":{"start":{"line":35,"column":34},"end":{"line":42,"column":5}}},"4":{"name":"(anonymous_5)","decl":{"start":{"line":45,"column":12},"end":{"line":45,"column":28}},"loc":{"start":{"line":45,"column":40},"end":{"line":51,"column":5}}}},"branchMap":{"0":{"loc":{"start":{"line":15,"column":12},"end":{"line":29,"column":13}},"type":"if","locations":[{"start":{"line":15,"column":12},"end":{"line":29,"column":13}}]},"1":{"loc":{"start":{"line":20,"column":16},"end":{"line":26,"column":17}},"type":"if","locations":[{"start":{"line":20,"column":16},"end":{"line":26,"column":17}}]},"2":{"loc":{"start":{"line":38,"column":19},"end":{"line":38,"column":78}},"type":"binary-expr","locations":[{"start":{"line":38,"column":19},"end":{"line":38,"column":46}},{"start":{"line":38,"column":50},"end":{"line":38,"column":78}}]}},"s":{"0":0,"1":0,"2":0,"3":0,"4":0,"5":0,"6":0,"7":0,"8":0,"9":0,"10":0,"11":0,"12":0,"13":0,"14":0,"15":0,"16":0,"17":0,"18":0},"f":{"0":0,"1":0,"2":0,"3":0,"4":0},"b":{"0":[0],"1":[0],"2":[0,0]}}
,"/Users/austin/Developer/code/link-tracking-system/src/services/shortener.service.ts": {"path":"/Users/austin/Developer/code/link-tracking-system/src/services/shortener.service.ts","statementMap":{"0":{"start":{"line":3,"column":0},"end":{"line":3,"column":28}},"1":{"start":{"line":6,"column":24},"end":{"line":6,"column":43}},"2":{"start":{"line":14,"column":8},"end":{"line":14,"column":38}},"3":{"start":{"line":16,"column":30},"end":{"line":17,"column":null}},"4":{"start":{"line":17,"column":12},"end":{"line":17,"column":45}},"5":{"start":{"line":20,"column":8},"end":{"line":22,"column":9}},"6":{"start":{"line":21,"column":12},"end":{"line":21,"column":54}},"7":{"start":{"line":24,"column":25},"end":{"line":24,"column":59}},"8":{"start":{"line":25,"column":25},"end":{"line":25,"column":67}},"9":{"start":{"line":26,"column":8},"end":{"line":26,"column":39}},"10":{"start":{"line":28,"column":8},"end":{"line":28,"column":45}},"11":{"start":{"line":37,"column":22},"end":{"line":37,"column":51}},"12":{"start":{"line":38,"column":8},"end":{"line":38,"column":42}},"13":{"start":{"line":47,"column":22},"end":{"line":48,"column":null}},"14":{"start":{"line":48,"column":12},"end":{"line":48,"column":37}},"15":{"start":{"line":50,"column":8},"end":{"line":50,"column":39}},"16":{"start":{"line":54,"column":8},"end":{"line":58,"column":10}},"17":{"start":{"line":62,"column":8},"end":{"line":65,"column":10}},"18":{"start":{"line":69,"column":8},"end":{"line":72,"column":29}},"19":{"start":{"line":76,"column":8},"end":{"line":83,"column":9}},"20":{"start":{"line":77,"column":27},"end":{"line":77,"column":39}},"21":{"start":{"line":78,"column":12},"end":{"line":80,"column":13}},"22":{"start":{"line":79,"column":16},"end":{"line":79,"column":52}},"23":{"start":{"line":82,"column":12},"end":{"line":82,"column":51}},"24":{"start":{"line":5,"column":0},"end":{"line":5,"column":13}}},"fnMap":{"0":{"name":"(anonymous_1)","decl":{"start":{"line":6,"column":4},"end":{"line":6,"column":24}},"loc":{"start":{"line":6,"column":43},"end":{"line":6,"column":48}}},"1":{"name":"(anonymous_2)","decl":{"start":{"line":13,"column":4},"end":{"line":13,"column":14}},"loc":{"start":{"line":13,"column":34},"end":{"line":29,"column":5}}},"2":{"name":"(anonymous_3)","decl":{"start":{"line":16,"column":58},"end":{"line":16,"column":63}},"loc":{"start":{"line":17,"column":12},"end":{"line":17,"column":45}}},"3":{"name":"(anonymous_4)","decl":{"start":{"line":36,"column":4},"end":{"line":36,"column":18}},"loc":{"start":{"line":36,"column":35},"end":{"line":39,"column":5}}},"4":{"name":"(anonymous_5)","decl":{"start":{"line":46,"column":4},"end":{"line":46,"column":13}},"loc":{"start":{"line":46,"column":25},"end":{"line":51,"column":5}}},"5":{"name":"(anonymous_6)","decl":{"start":{"line":47,"column":50},"end":{"line":47,"column":55}},"loc":{"start":{"line":48,"column":12},"end":{"line":48,"column":37}}},"6":{"name":"(anonymous_7)","decl":{"start":{"line":53,"column":12},"end":{"line":53,"column":26}},"loc":{"start":{"line":53,"column":64},"end":{"line":59,"column":5}}},"7":{"name":"(anonymous_8)","decl":{"start":{"line":61,"column":12},"end":{"line":61,"column":26}},"loc":{"start":{"line":61,"column":42},"end":{"line":66,"column":5}}},"8":{"name":"(anonymous_9)","decl":{"start":{"line":68,"column":12},"end":{"line":68,"column":28}},"loc":{"start":{"line":68,"column":40},"end":{"line":73,"column":5}}},"9":{"name":"(anonymous_10)","decl":{"start":{"line":75,"column":12},"end":{"line":75,"column":23}},"loc":{"start":{"line":75,"column":35},"end":{"line":84,"column":5}}}},"branchMap":{"0":{"loc":{"start":{"line":20,"column":8},"end":{"line":22,"column":9}},"type":"if","locations":[{"start":{"line":20,"column":8},"end":{"line":22,"column":9}}]},"1":{"loc":{"start":{"line":38,"column":15},"end":{"line":38,"column":41}},"type":"binary-expr","locations":[{"start":{"line":38,"column":15},"end":{"line":38,"column":33}},{"start":{"line":38,"column":37},"end":{"line":38,"column":41}}]},"2":{"loc":{"start":{"line":50,"column":15},"end":{"line":50,"column":38}},"type":"binary-expr","locations":[{"start":{"line":50,"column":15},"end":{"line":50,"column":30}},{"start":{"line":50,"column":34},"end":{"line":50,"column":38}}]},"3":{"loc":{"start":{"line":78,"column":12},"end":{"line":80,"column":13}},"type":"if","locations":[{"start":{"line":78,"column":12},"end":{"line":80,"column":13}}]}},"s":{"0":0,"1":0,"2":0,"3":0,"4":0,"5":0,"6":0,"7":0,"8":0,"9":0,"10":0,"11":0,"12":0,"13":0,"14":0,"15":0,"16":0,"17":0,"18":0,"19":0,"20":0,"21":0,"22":0,"23":0,"24":0},"f":{"0":0,"1":0,"2":0,"3":0,"4":0,"5":0,"6":0,"7":0,"8":0,"9":0},"b":{"0":[0],"1":[0,0],"2":[0,0],"3":[0]}}
,"/Users/austin/Developer/code/link-tracking-system/src/utils/helpers.ts": {"path":"/Users/austin/Developer/code/link-tracking-system/src/utils/helpers.ts","statementMap":{"0":{"start":{"line":1,"column":0},"end":{"line":1,"column":28}},"1":{"start":{"line":2,"column":0},"end":{"line":2,"column":59}},"2":{"start":{"line":16,"column":32},"end":{"line":22,"column":1}},"3":{"start":{"line":17,"column":4},"end":{"line":17,"column":58}},"4":{"start":{"line":17,"column":14},"end":{"line":17,"column":58}},"5":{"start":{"line":18,"column":4},"end":{"line":21,"column":25}},"6":{"start":{"line":16,"column":13},"end":{"line":16,"column":32}},"7":{"start":{"line":30,"column":27},"end":{"line":41,"column":1}},"8":{"start":{"line":31,"column":4},"end":{"line":40,"column":5}},"9":{"start":{"line":32,"column":23},"end":{"line":32,"column":35}},"10":{"start":{"line":33,"column":8},"end":{"line":35,"column":9}},"11":{"start":{"line":34,"column":12},"end":{"line":34,"column":73}},"12":{"start":{"line":36,"column":8},"end":{"line":36,"column":20}},"13":{"start":{"line":38,"column":8},"end":{"line":38,"column":52}},"14":{"start":{"line":38,"column":40},"end":{"line":38,"column":52}},"15":{"start":{"line":39,"column":8},"end":{"line":39,"column":55}},"16":{"start":{"line":30,"column":13},"end":{"line":30,"column":27}},"17":{"start":{"line":48,"column":28},"end":{"line":62,"column":1}},"18":{"start":{"line":49,"column":4},"end":{"line":49,"column":37}},"19":{"start":{"line":49,"column":20},"end":{"line":49,"column":37}},"20":{"start":{"line":51,"column":28},"end":{"line":58,"column":6}},"21":{"start":{"line":60,"column":18},"end":{"line":60,"column":80}},"22":{"start":{"line":60,"column":56},"end":{"line":60,"column":79}},"23":{"start":{"line":61,"column":4},"end":{"line":61,"column":36}},"24":{"start":{"line":48,"column":13},"end":{"line":48,"column":28}},"25":{"start":{"line":69,"column":35},"end":{"line":78,"column":1}},"26":{"start":{"line":70,"column":4},"end":{"line":77,"column":7}},"27":{"start":{"line":69,"column":13},"end":{"line":69,"column":35}},"28":{"start":{"line":85,"column":30},"end":{"line":105,"column":1}},"29":{"start":{"line":86,"column":4},"end":{"line":92,"column":5}},"30":{"start":{"line":87,"column":8},"end":{"line":91,"column":10}},"31":{"start":{"line":94,"column":4},"end":{"line":99,"column":5}},"32":{"start":{"line":95,"column":8},"end":{"line":98,"column":10}},"33":{"start":{"line":101,"column":4},"end":{"line":104,"column":6}},"34":{"start":{"line":85,"column":13},"end":{"line":85,"column":30}},"35":{"start":{"line":112,"column":27},"end":{"line":129,"column":1}},"36":{"start":{"line":113,"column":4},"end":{"line":128,"column":5}},"37":{"start":{"line":114,"column":23},"end":{"line":114,"column":35}},"38":{"start":{"line":115,"column":8},"end":{"line":115,"column":25}},"39":{"start":{"line":118,"column":21},"end":{"line":118,"column":38}},"40":{"start":{"line":121,"column":8},"end":{"line":123,"column":9}},"41":{"start":{"line":122,"column":12},"end":{"line":122,"column":48}},"42":{"start":{"line":125,"column":8},"end":{"line":125,"column":22}},"43":{"start":{"line":127,"column":8},"end":{"line":127,"column":55}},"44":{"start":{"line":112,"column":13},"end":{"line":112,"column":27}},"45":{"start":{"line":136,"column":32},"end":{"line":141,"column":1}},"46":{"start":{"line":137,"column":4},"end":{"line":140,"column":30}},"47":{"start":{"line":136,"column":13},"end":{"line":136,"column":32}}},"fnMap":{"0":{"name":"(anonymous_1)","decl":{"start":{"line":16,"column":32},"end":{"line":16,"column":33}},"loc":{"start":{"line":16,"column":56},"end":{"line":22,"column":1}}},"1":{"name":"(anonymous_2)","decl":{"start":{"line":30,"column":27},"end":{"line":30,"column":28}},"loc":{"start":{"line":30,"column":52},"end":{"line":41,"column":1}}},"2":{"name":"(anonymous_3)","decl":{"start":{"line":48,"column":28},"end":{"line":48,"column":29}},"loc":{"start":{"line":48,"column":59},"end":{"line":62,"column":1}}},"3":{"name":"(anonymous_4)","decl":{"start":{"line":60,"column":39},"end":{"line":60,"column":40}},"loc":{"start":{"line":60,"column":56},"end":{"line":60,"column":79}}},"4":{"name":"(anonymous_5)","decl":{"start":{"line":69,"column":35},"end":{"line":69,"column":36}},"loc":{"start":{"line":69,"column":69},"end":{"line":78,"column":1}}},"5":{"name":"(anonymous_6)","decl":{"start":{"line":85,"column":30},"end":{"line":85,"column":31}},"loc":{"start":{"line":85,"column":66},"end":{"line":105,"column":1}}},"6":{"name":"(anonymous_7)","decl":{"start":{"line":112,"column":27},"end":{"line":112,"column":28}},"loc":{"start":{"line":112,"column":51},"end":{"line":129,"column":1}}},"7":{"name":"(anonymous_8)","decl":{"start":{"line":136,"column":32},"end":{"line":136,"column":33}},"loc":{"start":{"line":136,"column":56},"end":{"line":141,"column":1}}}},"branchMap":{"0":{"loc":{"start":{"line":17,"column":4},"end":{"line":17,"column":58}},"type":"if","locations":[{"start":{"line":17,"column":4},"end":{"line":17,"column":58}}]},"1":{"loc":{"start":{"line":33,"column":8},"end":{"line":35,"column":9}},"type":"if","locations":[{"start":{"line":33,"column":8},"end":{"line":35,"column":9}}]},"2":{"loc":{"start":{"line":38,"column":8},"end":{"line":38,"column":52}},"type":"if","locations":[{"start":{"line":38,"column":8},"end":{"line":38,"column":52}}]},"3":{"loc":{"start":{"line":49,"column":4},"end":{"line":49,"column":37}},"type":"if","locations":[{"start":{"line":49,"column":4},"end":{"line":49,"column":37}}]},"4":{"loc":{"start":{"line":61,"column":11},"end":{"line":61,"column":35}},"type":"binary-expr","locations":[{"start":{"line":61,"column":11},"end":{"line":61,"column":22}},{"start":{"line":61,"column":26},"end":{"line":61,"column":35}}]},"5":{"loc":{"start":{"line":86,"column":4},"end":{"line":92,"column":5}},"type":"if","locations":[{"start":{"line":86,"column":4},"end":{"line":92,"column":5}}]},"6":{"loc":{"start":{"line":88,"column":18},"end":{"line":88,"column":44}},"type":"binary-expr","locations":[{"start":{"line":88,"column":18},"end":{"line":88,"column":28}},{"start":{"line":88,"column":32},"end":{"line":88,"column":44}}]},"7":{"loc":{"start":{"line":94,"column":4},"end":{"line":99,"column":5}},"type":"if","locations":[{"start":{"line":94,"column":4},"end":{"line":99,"column":5}}]},"8":{"loc":{"start":{"line":121,"column":8},"end":{"line":123,"column":9}},"type":"if","locations":[{"start":{"line":121,"column":8},"end":{"line":123,"column":9}}]},"9":{"loc":{"start":{"line":121,"column":12},"end":{"line":121,"column":62}},"type":"binary-expr","locations":[{"start":{"line":121,"column":12},"end":{"line":121,"column":32}},{"start":{"line":121,"column":36},"end":{"line":121,"column":62}}]},"10":{"loc":{"start":{"line":136,"column":33},"end":{"line":136,"column":44}},"type":"default-arg","locations":[{"start":{"line":136,"column":42},"end":{"line":136,"column":44}}]}},"s":{"0":0,"1":0,"2":0,"3":0,"4":0,"5":0,"6":0,"7":0,"8":0,"9":0,"10":0,"11":0,"12":0,"13":0,"14":0,"15":0,"16":0,"17":0,"18":0,"19":0,"20":0,"21":0,"22":0,"23":0,"24":0,"25":0,"26":0,"27":0,"28":0,"29":0,"30":0,"31":0,"32":0,"33":0,"34":0,"35":0,"36":0,"37":0,"38":0,"39":0,"40":0,"41":0,"42":0,"43":0,"44":0,"45":0,"46":0,"47":0},"f":{"0":0,"1":0,"2":0,"3":0,"4":0,"5":0,"6":0,"7":0},"b":{"0":[0],"1":[0],"2":[0],"3":[0],"4":[0,0],"5":[0],"6":[0,0],"7":[0],"8":[0],"9":[0,0],"10":[0]}}
}
