TN:
SF:src/app.ts
FN:24,(anonymous_1)
FNF:1
FNH:0
FNDA:0,(anonymous_1)
DA:1,0
DA:2,0
DA:3,0
DA:4,0
DA:5,0
DA:6,0
DA:8,0
DA:9,0
DA:10,0
DA:13,0
DA:16,0
DA:17,0
DA:18,0
DA:21,0
DA:23,0
DA:24,0
DA:25,0
DA:28,0
LF:18
LH:0
BRDA:23,0,0,0
BRDA:23,0,1,0
BRF:2
BRH:0
end_of_record
TN:
SF:src/config/constants.ts
FNF:0
FNH:0
DA:1,0
DA:2,0
DA:3,0
LF:3
LH:0
BRDA:1,0,0,0
BRDA:1,0,1,0
BRDA:2,1,0,0
BRDA:2,1,1,0
BRF:4
BRH:0
end_of_record
TN:
SF:src/services/analytics.service.ts
FN:5,(anonymous_0)
FN:12,(anonymous_1)
FN:21,(anonymous_2)
FN:25,(anonymous_3)
FN:31,(anonymous_4)
FN:47,(anonymous_5)
FN:53,(anonymous_6)
FN:62,(anonymous_7)
FN:86,(anonymous_8)
FN:99,(anonymous_9)
FN:109,(anonymous_10)
FN:117,(anonymous_11)
FN:127,(anonymous_12)
FNF:13
FNH:0
FNDA:0,(anonymous_0)
FNDA:0,(anonymous_1)
FNDA:0,(anonymous_2)
FNDA:0,(anonymous_3)
FNDA:0,(anonymous_4)
FNDA:0,(anonymous_5)
FNDA:0,(anonymous_6)
FNDA:0,(anonymous_7)
FNDA:0,(anonymous_8)
FNDA:0,(anonymous_9)
FNDA:0,(anonymous_10)
FNDA:0,(anonymous_11)
FNDA:0,(anonymous_12)
DA:2,0
DA:4,0
DA:5,0
DA:17,0
DA:20,0
DA:21,0
DA:24,0
DA:25,0
DA:26,0
DA:30,0
DA:31,0
DA:32,0
DA:36,0
DA:52,0
DA:53,0
DA:55,0
DA:56,0
DA:59,0
DA:62,0
DA:64,0
DA:65,0
DA:68,0
DA:69,0
DA:70,0
DA:74,0
DA:87,0
DA:89,0
DA:93,0
DA:104,0
DA:105,0
DA:106,0
DA:109,0
DA:110,0
DA:117,0
DA:118,0
DA:119,0
DA:121,0
DA:127,0
DA:136,0
LF:39
LH:0
BRDA:12,0,0,0
BRDA:20,1,0,0
BRDA:24,2,0,0
BRDA:30,3,0,0
BRDA:55,4,0,0
BRDA:65,5,0,0
BRDA:65,5,1,0
BRDA:69,6,0,0
BRDA:69,7,0,0
BRDA:69,7,1,0
BRDA:87,8,0,0
BRDA:93,9,0,0
BRDA:93,9,1,0
BRDA:119,10,0,0
BRDA:119,10,1,0
BRF:15
BRH:0
end_of_record
TN:
SF:src/services/html-processor.service.ts
FN:7,(anonymous_1)
FN:9,(anonymous_2)
FN:13,(anonymous_3)
FN:35,(anonymous_4)
FN:45,(anonymous_5)
FNF:5
FNH:0
FNDA:0,(anonymous_1)
FNDA:0,(anonymous_2)
FNDA:0,(anonymous_3)
FNDA:0,(anonymous_4)
FNDA:0,(anonymous_5)
DA:1,0
DA:4,0
DA:6,0
DA:7,0
DA:10,0
DA:11,0
DA:13,0
DA:14,0
DA:15,0
DA:17,0
DA:20,0
DA:21,0
DA:28,0
DA:32,0
DA:36,0
DA:37,0
DA:38,0
DA:40,0
DA:46,0
LF:19
LH:0
BRDA:15,0,0,0
BRDA:20,1,0,0
BRDA:38,2,0,0
BRDA:38,2,1,0
BRF:4
BRH:0
end_of_record
TN:
SF:src/services/shortener.service.ts
FN:6,(anonymous_1)
FN:13,(anonymous_2)
FN:16,(anonymous_3)
FN:36,(anonymous_4)
FN:46,(anonymous_5)
FN:47,(anonymous_6)
FN:53,(anonymous_7)
FN:61,(anonymous_8)
FN:68,(anonymous_9)
FN:75,(anonymous_10)
FNF:10
FNH:0
FNDA:0,(anonymous_1)
FNDA:0,(anonymous_2)
FNDA:0,(anonymous_3)
FNDA:0,(anonymous_4)
FNDA:0,(anonymous_5)
FNDA:0,(anonymous_6)
FNDA:0,(anonymous_7)
FNDA:0,(anonymous_8)
FNDA:0,(anonymous_9)
FNDA:0,(anonymous_10)
DA:3,0
DA:5,0
DA:6,0
DA:14,0
DA:16,0
DA:17,0
DA:20,0
DA:21,0
DA:24,0
DA:25,0
DA:26,0
DA:28,0
DA:37,0
DA:38,0
DA:47,0
DA:48,0
DA:50,0
DA:54,0
DA:62,0
DA:69,0
DA:76,0
DA:77,0
DA:78,0
DA:79,0
DA:82,0
LF:25
LH:0
BRDA:20,0,0,0
BRDA:38,1,0,0
BRDA:38,1,1,0
BRDA:50,2,0,0
BRDA:50,2,1,0
BRDA:78,3,0,0
BRF:6
BRH:0
end_of_record
TN:
SF:src/utils/helpers.ts
FN:16,(anonymous_1)
FN:30,(anonymous_2)
FN:48,(anonymous_3)
FN:60,(anonymous_4)
FN:69,(anonymous_5)
FN:85,(anonymous_6)
FN:112,(anonymous_7)
FN:136,(anonymous_8)
FNF:8
FNH:0
FNDA:0,(anonymous_1)
FNDA:0,(anonymous_2)
FNDA:0,(anonymous_3)
FNDA:0,(anonymous_4)
FNDA:0,(anonymous_5)
FNDA:0,(anonymous_6)
FNDA:0,(anonymous_7)
FNDA:0,(anonymous_8)
DA:1,0
DA:2,0
DA:16,0
DA:17,0
DA:18,0
DA:30,0
DA:31,0
DA:32,0
DA:33,0
DA:34,0
DA:36,0
DA:38,0
DA:39,0
DA:48,0
DA:49,0
DA:51,0
DA:60,0
DA:61,0
DA:69,0
DA:70,0
DA:85,0
DA:86,0
DA:87,0
DA:94,0
DA:95,0
DA:101,0
DA:112,0
DA:113,0
DA:114,0
DA:115,0
DA:118,0
DA:121,0
DA:122,0
DA:125,0
DA:127,0
DA:136,0
DA:137,0
LF:37
LH:0
BRDA:17,0,0,0
BRDA:33,1,0,0
BRDA:38,2,0,0
BRDA:49,3,0,0
BRDA:61,4,0,0
BRDA:61,4,1,0
BRDA:86,5,0,0
BRDA:88,6,0,0
BRDA:88,6,1,0
BRDA:94,7,0,0
BRDA:121,8,0,0
BRDA:121,9,0,0
BRDA:121,9,1,0
BRDA:136,10,0,0
BRF:14
BRH:0
end_of_record
